<?xml version="1.0" encoding="UTF-8"?>
<!-- Generated by org.testng.reporters.JUnitXMLReporter -->
<testsuite ignored="0" hostname="admin-PC" failures="0" tests="3" name="Test" time="0.166" errors="0" timestamp="2024-08-04T20:46:20 IST">
  <testcase classname="com.testNg.in.LandingPage" name="landingMethod" time="0.031"/>
  <testcase classname="com.testNg.in.RegisterClass" name="registerMethod" time="0.003"/>
  <testcase classname="com.testNg.in.LoginClass" name="loginMethod" time="0.008"/>
</testsuite> <!-- Test -->
