<?xml version="1.0" encoding="UTF-8"?>
<!-- Generated by org.testng.reporters.JUnitXMLReporter -->
<testsuite ignored="0" hostname="admin-PC" failures="0" tests="3" name="Test" time="0.332" errors="0" timestamp="2024-08-04T23:29:21 IST">
  <testcase classname="com.testNg.in.LandingPage" name="landingMethod" time="0.041"/>
  <testcase classname="com.testNg.in.RegisterClass" name="registerMethod" time="0.001"/>
  <testcase classname="com.testNg.in.LoginClass" name="loginMethod" time="0.001"/>
</testsuite> <!-- Test -->
