<?xml version="1.0" encoding="UTF-8"?>
<testsuite xmlns:xsi="http://www.w3.org/2001/XMLSchema-instance" xsi:noNamespaceSchemaLocation="https://maven.apache.org/surefire/maven-surefire-plugin/xsd/surefire-test-report.xsd" name="TestSuite" time="4.892" tests="3" errors="0" skipped="0" failures="0">
  <properties>
[...]
</properties>
  <testcase name="landingMethod" classname="com.testNg.in.LandingPage" time="0.041"/>
  <testcase name="registerMethod" classname="com.testNg.in.RegisterClass" time="0.014"/>
  <testcase name="loginMethod" classname="com.testNg.in.LoginClass" time="0.013"/>
</testsuite>