<?xml version="1.0" encoding="UTF-8"?>
<testng-results ignored="0" total="3" passed="3" failed="0" skipped="0">
  <reporter-output>
  </reporter-output>
  <suite started-at="2024-08-04T20:46:19 IST" name="Suite" finished-at="2024-08-04T20:46:20 IST" duration-ms="166">
    <groups>
    </groups>
    <test started-at="2024-08-04T20:46:19 IST" name="Test" finished-at="2024-08-04T20:46:20 IST" duration-ms="166">
      <class name="com.testNg.in.LandingPage">
        <test-method signature="landingMethod()[pri:0, instance:com.testNg.in.LandingPage@6973b51b]" started-at="2024-08-04T20:46:20 IST" name="landingMethod" finished-at="2024-08-04T20:46:20 IST" duration-ms="31" status="PASS">
          <reporter-output>
          </reporter-output>
        </test-method> <!-- landingMethod -->
      </class> <!-- com.testNg.in.LandingPage -->
      <class name="com.testNg.in.RegisterClass">
        <test-method signature="registerMethod()[pri:0, instance:com.testNg.in.RegisterClass@f5ac9e4]" started-at="2024-08-04T20:46:20 IST" name="registerMethod" finished-at="2024-08-04T20:46:20 IST" duration-ms="3" status="PASS">
          <reporter-output>
          </reporter-output>
        </test-method> <!-- registerMethod -->
      </class> <!-- com.testNg.in.RegisterClass -->
      <class name="com.testNg.in.LoginClass">
        <test-method signature="loginMethod()[pri:0, instance:com.testNg.in.LoginClass@123ef382]" started-at="2024-08-04T20:46:20 IST" name="loginMethod" finished-at="2024-08-04T20:46:20 IST" duration-ms="8" status="PASS">
          <reporter-output>
          </reporter-output>
        </test-method> <!-- loginMethod -->
      </class> <!-- com.testNg.in.LoginClass -->
    </test> <!-- Test -->
  </suite> <!-- Suite -->
</testng-results>
